<?xml version="1.0" encoding="UTF-8" ?>
<testsuite failures="0" time="0.565" errors="0" skipped="0" tests="3" name="com.agileanswers.wordcount.WordCountTest">
  <properties>
[...]
</properties>
  <testcase time="0.432" classname="com.agileanswers.wordcount.WordCountTest" name="testMapper"/>
  <testcase time="0.052" classname="com.agileanswers.wordcount.WordCountTest" name="testReducer"/>
  <testcase time="0.046" classname="com.agileanswers.wordcount.WordCountTest" name="testMapReduce"/>
</testsuite>